TN:
SF:src/app.ts
FN:26,buildApp
FN:34,(anonymous_1)
FN:100,(anonymous_2)
FN:116,(anonymous_3)
FN:123,(anonymous_4)
FN:127,(anonymous_5)
FNF:6
FNH:6
FNDA:19,buildApp
FNDA:613,(anonymous_1)
FNDA:23,(anonymous_2)
FNDA:4,(anonymous_3)
FNDA:613,(anonymous_4)
FNDA:6,(anonymous_5)
DA:19,6
DA:20,6
DA:27,19
DA:28,19
DA:30,19
DA:32,19
DA:35,613
DA:36,613
DA:37,612
DA:48,19
DA:49,19
DA:53,19
DA:59,19
DA:61,19
DA:73,19
DA:74,18
DA:77,19
DA:94,19
DA:100,19
DA:101,23
DA:102,23
DA:103,23
DA:104,23
DA:106,23
DA:107,1
DA:110,23
DA:116,19
DA:117,4
DA:123,19
DA:124,613
DA:127,19
DA:128,6
DA:129,6
DA:131,0
DA:138,19
DA:139,19
DA:140,19
DA:142,19
LF:38
LH:37
BRDA:28,0,0,19
BRDA:28,0,1,0
BRDA:36,1,0,1
BRDA:36,1,1,612
BRDA:36,2,0,613
BRDA:36,2,1,2
BRDA:54,3,0,2
BRDA:54,3,1,17
BRDA:54,4,0,19
BRDA:54,4,1,16
BRDA:73,5,0,18
BRDA:73,5,1,1
BRDA:101,6,0,23
BRDA:101,6,1,1
BRDA:102,7,0,23
BRDA:102,7,1,0
BRDA:103,8,0,23
BRDA:103,8,1,0
BRDA:104,9,0,23
BRDA:104,9,1,17
BRDA:104,10,0,16
BRDA:104,10,1,1
BRDA:106,11,0,1
BRDA:106,11,1,22
BRDA:128,12,0,6
BRDA:128,12,1,0
BRDA:133,13,0,0
BRDA:133,13,1,0
BRF:28
BRH:22
end_of_record
TN:
SF:src/config.ts
FN:16,(anonymous_0)
FNF:1
FNH:1
FNDA:18,(anonymous_0)
DA:4,6
DA:17,18
DA:18,0
DA:20,18
DA:26,6
DA:28,6
DA:29,0
DA:30,0
DA:31,0
DA:34,6
LF:10
LH:6
BRDA:17,0,0,0
BRDA:17,0,1,18
BRDA:28,1,0,0
BRDA:28,1,1,6
BRF:4
BRH:2
end_of_record
TN:
SF:src/errors.ts
FN:9,createProblemDetail
FNF:1
FNH:1
FNDA:36,createProblemDetail
DA:15,36
LF:1
LH:1
BRDA:20,0,0,31
BRDA:20,0,1,5
BRF:2
BRH:2
end_of_record
TN:
SF:src/pagination.ts
FN:41,paginatedResponse
FN:54,encodeCursor
FN:64,decodeCursor
FNF:3
FNH:3
FNDA:14,paginatedResponse
FNDA:19,encodeCursor
FNDA:17,decodeCursor
DA:22,7
DA:42,14
DA:55,19
DA:56,19
DA:57,19
DA:69,17
DA:70,17
DA:71,6
DA:72,6
DA:73,6
DA:75,11
DA:76,11
DA:77,11
DA:78,11
DA:79,11
DA:80,11
DA:81,2
DA:82,2
DA:83,2
DA:85,9
DA:86,9
DA:87,9
DA:88,2
DA:89,2
DA:90,2
DA:92,7
DA:94,2
DA:95,0
DA:96,0
DA:97,0
LF:30
LH:27
BRDA:70,0,0,6
BRDA:70,0,1,11
BRDA:80,1,0,2
BRDA:80,1,1,9
BRDA:80,2,0,11
BRDA:80,2,1,10
BRDA:87,3,0,2
BRDA:87,3,1,7
BRDA:87,4,0,9
BRDA:87,4,1,4
BRDA:94,5,0,2
BRDA:94,5,1,0
BRF:12
BRH:11
end_of_record
TN:
SF:src/routes/api.ts
FN:10,(anonymous_0)
FN:13,(anonymous_1)
FN:33,(anonymous_2)
FN:43,(anonymous_3)
FNF:4
FNH:4
FNDA:19,(anonymous_0)
FNDA:305,(anonymous_1)
FNDA:34,(anonymous_2)
FNDA:4,(anonymous_3)
DA:10,6
DA:11,19
DA:14,305
DA:17,19
DA:34,34
DA:37,19
DA:44,4
DA:45,4
DA:47,4
DA:48,3
DA:54,1
LF:11
LH:11
BRDA:47,0,0,3
BRDA:47,0,1,1
BRDA:47,1,0,4
BRDA:47,1,1,3
BRF:4
BRH:4
end_of_record
TN:
SF:src/routes/health.ts
FN:9,(anonymous_0)
FN:19,(anonymous_1)
FN:34,(anonymous_2)
FN:58,(anonymous_3)
FNF:4
FNH:4
FNDA:19,(anonymous_0)
FNDA:10,(anonymous_1)
FNDA:5,(anonymous_2)
FNDA:11,(anonymous_3)
DA:9,6
DA:10,19
DA:20,10
DA:21,10
DA:24,19
DA:35,5
DA:36,5
DA:37,3
DA:39,2
DA:42,19
DA:59,11
DA:60,11
LF:12
LH:12
BRDA:36,0,0,3
BRDA:36,0,1,2
BRF:2
BRH:2
end_of_record
TN:
SF:src/routes/v1/index.ts
FN:15,(anonymous_0)
FN:33,(anonymous_1)
FN:46,(anonymous_2)
FN:48,(anonymous_3)
FN:49,(anonymous_4)
FN:55,(anonymous_5)
FN:92,(anonymous_6)
FNF:7
FNH:7
FNDA:19,(anonymous_0)
FNDA:107,(anonymous_1)
FNDA:11,(anonymous_2)
FNDA:1,(anonymous_3)
FNDA:450,(anonymous_4)
FNDA:450,(anonymous_5)
FNDA:93,(anonymous_6)
DA:15,6
DA:17,19
DA:33,107
DA:40,19
DA:47,11
DA:48,11
DA:49,450
DA:54,11
DA:55,450
DA:56,11
DA:57,11
DA:58,11
DA:62,19
DA:93,93
LF:14
LH:14
BRDA:47,0,0,11
BRDA:48,1,0,3
BRDA:48,1,1,8
BRDA:48,2,0,1
BRDA:48,2,1,1
BRDA:54,3,0,11
BRDA:54,3,1,8
BRDA:57,4,0,6
BRDA:57,4,1,3
BRF:9
BRH:9
end_of_record
